<?xml version="1.0" encoding="UTF-8"?>
<!-- Generated by org.testng.reporters.JUnitReportReporter -->
<testsuite hostname="DESKTOP-JJF8O9L" failures="0" tests="1" name="coreJava1.PS1" time="0.014" errors="0" timestamp="2024-03-25T15:53:15 EDT" skipped="0">
  <testcase classname="coreJava1.PS1" name="testRun" time="0.014"/>
</testsuite> <!-- coreJava1.PS1 -->
